[2025-05-19T15:54:45.907257] New round started. Player cards: [3C [Face down: false], JS [Face down: false]]
[2025-05-19T15:54:52.398060] Player chose to Hit. Hand: [3C [Face down: false], JS [Face down: false], 9S [Face down: false]]
[2025-05-19T15:54:54.697878] Game reset by player.
[2025-05-19T15:54:56.264956] New round started. Player cards: [5D [Face down: false], AC [Face down: false]]
[2025-05-19T15:55:00.998895] Player chose to Hit. Hand: [5D [Face down: false], AC [Face down: false], QS [Face down: false]]
[2025-05-19T15:55:03.848872] Player chose to Stay.
[2025-05-19T15:55:09.766439] Game reset by player.
[2025-05-19T15:55:10.784414] New round started. Player cards: [JC [Face down: false], QH [Face down: false]]
[2025-05-19T15:55:12.418036] Player chose to Hit. Hand: [JC [Face down: false], QH [Face down: false], KC [Face down: false]]
[2025-05-19T15:55:14.367657] Game reset by player.
[2025-05-19T15:55:15.018908] New round started. Player cards: [2H [Face down: false], KH [Face down: false]]
[2025-05-19T15:55:16.251848] Player chose to Hit. Hand: [2H [Face down: false], KH [Face down: false], AC [Face down: false]]
[2025-05-19T15:55:17.868039] Player chose to Stay.
[2025-05-19T15:55:35.737207] Game reset by player.
[2025-05-19T16:54:15.544547] New round started. Player cards: [9H [Face down: false], 0S [Face down: false]]
[2025-05-19T16:54:17.363684] Player chose to Hit. Hand: [9H [Face down: false], 0S [Face down: false], 2S [Face down: false]]
[2025-05-19T16:56:22.215600] Game reset by player.
[2025-05-19T16:56:25.966223] New round started. Player cards: [7H [Face down: false], QD [Face down: false]]
[2025-05-19T16:56:32.883623] Player chose to Stay.
[2025-05-19T16:56:38.884276] Game reset by player.
[2025-05-19T16:56:39.718072] New round started. Player cards: [JH [Face down: false], 0S [Face down: false]]
[2025-05-19T16:56:42.984321] Player chose to Stay.
[2025-05-19T16:56:46.785170] Game reset by player.
[2025-05-19T16:56:47.853936] New round started. Player cards: [2D [Face down: false], QC [Face down: false]]
[2025-05-19T16:56:51.575183] Player chose to Hit. Hand: [2D [Face down: false], QC [Face down: false], 8S [Face down: false]]
[2025-05-19T16:56:54.261091] Player chose to Stay.
[2025-05-19T16:56:57.113012] Game reset by player.
[2025-05-19T16:57:03.818123] Game reset by player.
[2025-05-19T16:57:04.885403] New round started. Player cards: [2C [Face down: false], 5S [Face down: false]]
[2025-05-19T17:02:41.709287] New round started. Player cards: [AS [Face down: false], 3D [Face down: false]]
[2025-05-19T17:02:44.730360] Player chose to Hit. Hand: [AS [Face down: false], 3D [Face down: false], KH [Face down: false]]
[2025-05-19T17:02:46.630724] Player chose to Stay.
[2025-05-19T17:02:48.779895] Game reset by player.
[2025-05-19T17:02:50.230615] New round started. Player cards: [8H [Face down: false], KC [Face down: false]]
[2025-05-19T17:03:16.044412] New round started. Player cards: [8D [Face down: false], 5D [Face down: false]]
[2025-05-19T17:03:17.884256] Player chose to Hit. Hand: [8D [Face down: false], 5D [Face down: false], 6H [Face down: false]]
[2025-05-19T17:03:19.051284] Player chose to Stay.
[2025-05-19T17:03:20.534959] Game reset by player.
[2025-05-19T17:03:21.868018] New round started. Player cards: [2H [Face down: false], 6S [Face down: false]]
[2025-05-19T17:03:24.802812] Player chose to Hit. Hand: [2H [Face down: false], 6S [Face down: false], 6D [Face down: false]]
[2025-05-19T17:03:25.419009] Player chose to Stay.
[2025-05-19T17:03:27.086399] Game reset by player.
[2025-05-19T17:04:14.975347] New round started. Player cards: [KC [Face down: false], JH [Face down: false]]
[2025-05-19T17:09:58.052872] New round started. Player cards: [JC [Face down: false], JD [Face down: false]]
[2025-05-19T17:09:59.776443] Player chose to Stay.
[2025-05-19T17:10:00.842869] Game reset by player.
[2025-05-19T17:10:03.826588] Game reset by player.
[2025-05-19T17:10:05.493446] New round started. Player cards: [2S [Face down: false], 3S [Face down: false]]
[2025-05-19T17:10:07.928101] Player chose to Hit. Hand: [2S [Face down: false], 3S [Face down: false], 6H [Face down: false]]
[2025-05-19T17:10:08.527582] Player chose to Hit. Hand: [2S [Face down: false], 3S [Face down: false], 6H [Face down: false], 3H [Face down: false]]
[2025-05-19T17:10:09.293789] Player chose to Stay.
[2025-05-19T17:10:11.610154] Game reset by player.
[2025-05-19T21:57:32.498368] New round started. Player cards: [5H [Face down: false], JS [Face down: false]]
[2025-05-19T21:57:34.327013] Player chose to Hit. Hand: [5H [Face down: false], JS [Face down: false], 9S [Face down: false]]
[2025-05-19T21:57:36.738057] Game reset by player.
[2025-05-19T21:57:37.655929] New round started. Player cards: [8S [Face down: false], 9D [Face down: false]]
[2025-05-19T21:57:39.639129] Player chose to Stay.
[2025-05-19T21:57:42.739534] Game reset by player.
[2025-05-20T07:42:47.685177] New round started. Player cards: [JD [Face down: false], KD [Face down: false]]
[2025-05-20T07:42:49.871191] Player chose to Stay.
[2025-05-20T07:42:55.622210] Game reset by player.
[2025-05-20T07:42:58.006358] New round started. Player cards: [JD [Face down: false], 9C [Face down: false]]
[2025-05-20T07:43:03.373324] Player chose to Stay.
[2025-05-20T07:43:08.140469] Game reset by player.
[2025-05-20T07:50:36.435396] New round started. Player cards: [AS [Face down: false], AD [Face down: false]]
[2025-05-20T07:50:42.290932] Player chose to Stay.
[2025-05-20T07:50:47.174491] Game reset by player.
[2025-05-20T07:50:48.627098] New round started. Player cards: [5C [Face down: false], 6S [Face down: false]]
[2025-05-20T07:50:51.242256] Player chose to Hit. Hand: [5C [Face down: false], 6S [Face down: false], JD [Face down: false]]
[2025-05-20T07:50:54.392161] Game reset by player.
[2025-05-20T07:50:55.409344] New round started. Player cards: [9S [Face down: false], 9D [Face down: false]]
[2025-05-20T07:50:57.609737] Player chose to Stay.
[2025-05-20T07:51:05.844728] Game reset by player.
[2025-05-20T07:51:06.977849] New round started. Player cards: [KD [Face down: false], 2S [Face down: false]]
[2025-05-20T07:51:08.828387] Player chose to Hit. Hand: [KD [Face down: false], 2S [Face down: false], 6S [Face down: false]]
[2025-05-20T07:51:10.311822] Player chose to Stay.
[2025-05-20T07:51:13.495045] Game reset by player.
[2025-05-20T07:51:14.312728] New round started. Player cards: [7H [Face down: false], AC [Face down: false]]
[2025-05-20T07:51:15.979276] Player chose to Hit. Hand: [7H [Face down: false], AC [Face down: false], 0S [Face down: false]]
[2025-05-20T07:51:18.279378] Player chose to Stay.
[2025-05-20T07:51:23.113257] Game reset by player.
[2025-05-20T07:51:23.997199] New round started. Player cards: [6D [Face down: false], 4H [Face down: false]]
[2025-05-20T07:51:29.032269] Player chose to Hit. Hand: [6D [Face down: false], 4H [Face down: false], 5D [Face down: false]]
[2025-05-20T07:51:31.782543] Player chose to Stay.
[2025-05-20T07:51:36.166625] Game reset by player.
[2025-05-20T08:23:33.459424] New round started. Player cards: [3S [Face down: false], KS [Face down: false]]
[2025-05-20T08:25:46.372116] New round started. Player cards: [6C [Face down: false], 6H [Face down: false]]
[2025-05-20T08:25:49.281383] Player chose to Hit. Hand: [6C [Face down: false], 6H [Face down: false], 3D [Face down: false]]
[2025-05-20T08:25:51.012205] Player chose to Stay.
[2025-05-20T08:25:52.595286] Game reset by player.
[2025-05-20T08:25:54.079447] New round started. Player cards: [JD [Face down: false], 9D [Face down: false]]
[2025-05-20T08:25:54.662685] Player chose to Hit. Hand: [JD [Face down: false], 9D [Face down: false], QH [Face down: false]]
[2025-05-20T08:25:57.595359] Game reset by player.
[2025-05-20T08:25:58.963206] New round started. Player cards: [QH [Face down: false], 4H [Face down: false]]
[2025-05-20T08:26:00.103241] Player chose to Hit. Hand: [QH [Face down: false], 4H [Face down: false], KD [Face down: false]]
[2025-05-20T08:26:02.413459] Game reset by player.
[2025-05-20T08:26:19.393973] New round started. Player cards: [JC [Face down: false], 7C [Face down: false]]
[2025-05-20T08:26:22.482609] Player chose to Hit. Hand: [JC [Face down: false], 7C [Face down: false], 2D [Face down: false]]
[2025-05-20T08:26:23.216246] Player chose to Stay.
[2025-05-20T08:26:23.997724] Game reset by player.
